android/app/build/intermediates/manifest_merge_blame_file/release/manifest-merger-blame-release-report.txt
1<?xml version="1.0" encoding="utf-8"?>
2<manifest xmlns:android="http://schemas.android.com/apk/res/android"
3    package="com.rnyogameditation"
4    android:versionCode="1"
5    android:versionName="1.0" >
6
7    <uses-sdk
8        android:minSdkVersion="21"
8-->src/main/AndroidManifest.xml
9        android:targetSdkVersion="30" />
9-->src/main/AndroidManifest.xml
10
11    <uses-permission android:name="android.permission.INTERNET" />
11-->src/main/AndroidManifest.xml:4:5-67
11-->src/main/AndroidManifest.xml:4:22-64
12    <uses-permission android:name="android.permission.WAKE_LOCK" />
12-->[:react-native-firebase_dynamic-links] AndroidManifest.xml:10:5-68
12-->[:react-native-firebase_dynamic-links] AndroidManifest.xml:10:22-65
13    <uses-permission android:name="android.permission.ACCESS_NETWORK_STATE" />
13-->[:react-native-firebase_dynamic-links] AndroidManifest.xml:11:5-79
13-->[:react-native-firebase_dynamic-links] AndroidManifest.xml:11:22-76
14    <uses-permission android:name="com.google.android.gms.permission.AD_ID" /> <!-- Required by older versions of Google Play services to create IID tokens -->
14-->[com.google.android.gms:play-services-measurement-api:20.1.1] AndroidManifest.xml:25:5-79
14-->[com.google.android.gms:play-services-measurement-api:20.1.1] AndroidManifest.xml:25:22-76
15    <uses-permission android:name="com.google.android.c2dm.permission.RECEIVE" />
15-->[com.google.android.gms:play-services-iid:17.0.0] AndroidManifest.xml:23:5-82
15-->[com.google.android.gms:play-services-iid:17.0.0] AndroidManifest.xml:23:22-79
16    <uses-permission android:name="com.google.android.finsky.permission.BIND_GET_INSTALL_REFERRER_SERVICE" />
16-->[com.google.android.gms:play-services-measurement:20.1.1] AndroidManifest.xml:26:5-110
16-->[com.google.android.gms:play-services-measurement:20.1.1] AndroidManifest.xml:26:22-107
17
18    <application
18-->src/main/AndroidManifest.xml:6:5-25:19
19        android:name="com.rnyogameditation.MainApplication"
19-->src/main/AndroidManifest.xml:7:7-38
20        android:allowBackup="false"
20-->src/main/AndroidManifest.xml:11:7-34
21        android:appComponentFactory="androidx.core.app.CoreComponentFactory"
21-->[androidx.core:core:1.6.0] AndroidManifest.xml:24:18-86
22        android:icon="@mipmap/ic_launcher"
22-->src/main/AndroidManifest.xml:9:7-41
23        android:label="@string/app_name"
23-->src/main/AndroidManifest.xml:8:7-39
24        android:roundIcon="@mipmap/ic_launcher_round"
24-->src/main/AndroidManifest.xml:10:7-52
25        android:theme="@style/AppTheme"
25-->src/main/AndroidManifest.xml:13:7-38
26        android:usesCleartextTraffic="true" >
26-->src/main/AndroidManifest.xml:12:7-42
27        <activity
27-->src/main/AndroidManifest.xml:14:7-24:18
28            android:name="com.rnyogameditation.MainActivity"
28-->src/main/AndroidManifest.xml:15:9-37
29            android:configChanges="keyboard|keyboardHidden|orientation|screenSize|uiMode"
29-->src/main/AndroidManifest.xml:17:9-86
30            android:label="@string/app_name"
30-->src/main/AndroidManifest.xml:16:9-41
31            android:launchMode="singleTask"
31-->src/main/AndroidManifest.xml:18:9-40
32            android:windowSoftInputMode="adjustPan" >
32-->src/main/AndroidManifest.xml:19:9-48
33            <intent-filter>
33-->src/main/AndroidManifest.xml:20:9-23:25
34                <action android:name="android.intent.action.MAIN" />
34-->src/main/AndroidManifest.xml:21:13-65
34-->src/main/AndroidManifest.xml:21:21-62
35
36                <category android:name="android.intent.category.LAUNCHER" />
36-->src/main/AndroidManifest.xml:22:13-73
36-->src/main/AndroidManifest.xml:22:23-70
37            </intent-filter>
38        </activity>
39
40        <meta-data
40-->[:react-native-firebase_app] AndroidManifest.xml:10:9-12:36
41            android:name="app_data_collection_default_enabled"
41-->[:react-native-firebase_app] AndroidManifest.xml:11:13-63
42            android:value="true" />
42-->[:react-native-firebase_app] AndroidManifest.xml:12:13-33
43
44        <service
44-->[:react-native-firebase_app] AndroidManifest.xml:14:9-18:19
45            android:name="com.google.firebase.components.ComponentDiscoveryService"
45-->[:react-native-firebase_app] AndroidManifest.xml:14:18-89
46            android:directBootAware="true"
46-->[com.google.firebase:firebase-common:20.1.0] AndroidManifest.xml:35:13-43
47            android:exported="false" >
47-->[com.google.firebase:firebase-dynamic-links:21.0.1] AndroidManifest.xml:26:13-37
48            <meta-data
48-->[:react-native-firebase_app] AndroidManifest.xml:15:13-17:85
49                android:name="com.google.firebase.components:io.invertase.firebase.app.ReactNativeFirebaseAppRegistrar"
49-->[:react-native-firebase_app] AndroidManifest.xml:16:17-120
50                android:value="com.google.firebase.components.ComponentRegistrar" />
50-->[:react-native-firebase_app] AndroidManifest.xml:17:17-82
51            <meta-data
51-->[com.google.firebase:firebase-dynamic-links:21.0.1] AndroidManifest.xml:27:13-29:85
52                android:name="com.google.firebase.components:com.google.firebase.dynamiclinks.internal.FirebaseDynamicLinkRegistrar"
52-->[com.google.firebase:firebase-dynamic-links:21.0.1] AndroidManifest.xml:28:17-133
53                android:value="com.google.firebase.components.ComponentRegistrar" />
53-->[com.google.firebase:firebase-dynamic-links:21.0.1] AndroidManifest.xml:29:17-82
54            <meta-data
54-->[com.google.android.gms:play-services-measurement-api:20.1.1] AndroidManifest.xml:31:13-33:85
55                android:name="com.google.firebase.components:com.google.firebase.analytics.connector.internal.AnalyticsConnectorRegistrar"
55-->[com.google.android.gms:play-services-measurement-api:20.1.1] AndroidManifest.xml:32:17-139
56                android:value="com.google.firebase.components.ComponentRegistrar" />
56-->[com.google.android.gms:play-services-measurement-api:20.1.1] AndroidManifest.xml:33:17-82
57            <meta-data
57-->[com.google.firebase:firebase-installations:17.0.1] AndroidManifest.xml:18:13-20:85
58                android:name="com.google.firebase.components:com.google.firebase.installations.FirebaseInstallationsRegistrar"
58-->[com.google.firebase:firebase-installations:17.0.1] AndroidManifest.xml:19:17-127
59                android:value="com.google.firebase.components.ComponentRegistrar" />
59-->[com.google.firebase:firebase-installations:17.0.1] AndroidManifest.xml:20:17-82
60        </service>
61
62        <provider
62-->[:react-native-firebase_app] AndroidManifest.xml:20:9-24:38
63            android:name="io.invertase.firebase.app.ReactNativeFirebaseAppInitProvider"
63-->[:react-native-firebase_app] AndroidManifest.xml:21:13-88
64            android:authorities="com.rnyogameditation.reactnativefirebaseappinitprovider"
64-->[:react-native-firebase_app] AndroidManifest.xml:22:13-86
65            android:exported="false"
65-->[:react-native-firebase_app] AndroidManifest.xml:23:13-37
66            android:initOrder="99" />
66-->[:react-native-firebase_app] AndroidManifest.xml:24:13-35
67        <provider
67-->[com.google.firebase:firebase-common:20.1.0] AndroidManifest.xml:26:9-31:39
68            android:name="com.google.firebase.provider.FirebaseInitProvider"
68-->[com.google.firebase:firebase-common:20.1.0] AndroidManifest.xml:27:13-77
69            android:authorities="com.rnyogameditation.firebaseinitprovider"
69-->[com.google.firebase:firebase-common:20.1.0] AndroidManifest.xml:28:13-72
70            android:directBootAware="true"
70-->[com.google.firebase:firebase-common:20.1.0] AndroidManifest.xml:29:13-43
71            android:exported="false"
71-->[com.google.firebase:firebase-common:20.1.0] AndroidManifest.xml:30:13-37
72            android:initOrder="100" />
72-->[com.google.firebase:firebase-common:20.1.0] AndroidManifest.xml:31:13-36
73
74        <activity
74-->[com.google.android.gms:play-services-auth:20.1.0] AndroidManifest.xml:23:9-27:75
75            android:name="com.google.android.gms.auth.api.signin.internal.SignInHubActivity"
75-->[com.google.android.gms:play-services-auth:20.1.0] AndroidManifest.xml:24:13-93
76            android:excludeFromRecents="true"
76-->[com.google.android.gms:play-services-auth:20.1.0] AndroidManifest.xml:25:13-46
77            android:exported="false"
77-->[com.google.android.gms:play-services-auth:20.1.0] AndroidManifest.xml:26:13-37
78            android:theme="@android:style/Theme.Translucent.NoTitleBar" />
78-->[com.google.android.gms:play-services-auth:20.1.0] AndroidManifest.xml:27:13-72
79        <!--
80            Service handling Google Sign-In user revocation. For apps that do not integrate with
81            Google Sign-In, this service will never be started.
82        -->
83        <service
83-->[com.google.android.gms:play-services-auth:20.1.0] AndroidManifest.xml:33:9-37:51
84            android:name="com.google.android.gms.auth.api.signin.RevocationBoundService"
84-->[com.google.android.gms:play-services-auth:20.1.0] AndroidManifest.xml:34:13-89
85            android:exported="true"
85-->[com.google.android.gms:play-services-auth:20.1.0] AndroidManifest.xml:35:13-36
86            android:permission="com.google.android.gms.auth.api.signin.permission.REVOCATION_NOTIFICATION"
86-->[com.google.android.gms:play-services-auth:20.1.0] AndroidManifest.xml:36:13-107
87            android:visibleToInstantApps="true" />
87-->[com.google.android.gms:play-services-auth:20.1.0] AndroidManifest.xml:37:13-48
88
89        <activity
89-->[com.google.android.gms:play-services-base:18.0.1] AndroidManifest.xml:20:9-22:45
90            android:name="com.google.android.gms.common.api.GoogleApiActivity"
90-->[com.google.android.gms:play-services-base:18.0.1] AndroidManifest.xml:20:19-85
91            android:exported="false"
91-->[com.google.android.gms:play-services-base:18.0.1] AndroidManifest.xml:22:19-43
92            android:theme="@android:style/Theme.Translucent.NoTitleBar" />
92-->[com.google.android.gms:play-services-base:18.0.1] AndroidManifest.xml:21:19-78
93
94        <receiver
94-->[com.google.android.gms:play-services-measurement:20.1.1] AndroidManifest.xml:29:9-33:20
95            android:name="com.google.android.gms.measurement.AppMeasurementReceiver"
95-->[com.google.android.gms:play-services-measurement:20.1.1] AndroidManifest.xml:30:13-85
96            android:enabled="true"
96-->[com.google.android.gms:play-services-measurement:20.1.1] AndroidManifest.xml:31:13-35
97            android:exported="false" >
97-->[com.google.android.gms:play-services-measurement:20.1.1] AndroidManifest.xml:32:13-37
98        </receiver>
99
100        <service
100-->[com.google.android.gms:play-services-measurement:20.1.1] AndroidManifest.xml:35:9-38:40
101            android:name="com.google.android.gms.measurement.AppMeasurementService"
101-->[com.google.android.gms:play-services-measurement:20.1.1] AndroidManifest.xml:36:13-84
102            android:enabled="true"
102-->[com.google.android.gms:play-services-measurement:20.1.1] AndroidManifest.xml:37:13-35
103            android:exported="false" />
103-->[com.google.android.gms:play-services-measurement:20.1.1] AndroidManifest.xml:38:13-37
104        <service
104-->[com.google.android.gms:play-services-measurement:20.1.1] AndroidManifest.xml:39:9-43:72
105            android:name="com.google.android.gms.measurement.AppMeasurementJobService"
105-->[com.google.android.gms:play-services-measurement:20.1.1] AndroidManifest.xml:40:13-87
106            android:enabled="true"
106-->[com.google.android.gms:play-services-measurement:20.1.1] AndroidManifest.xml:41:13-35
107            android:exported="false"
107-->[com.google.android.gms:play-services-measurement:20.1.1] AndroidManifest.xml:42:13-37
108            android:permission="android.permission.BIND_JOB_SERVICE" />
108-->[com.google.android.gms:play-services-measurement:20.1.1] AndroidManifest.xml:43:13-69
109
110        <meta-data
110-->[com.google.android.gms:play-services-basement:18.0.0] AndroidManifest.xml:21:9-23:69
111            android:name="com.google.android.gms.version"
111-->[com.google.android.gms:play-services-basement:18.0.0] AndroidManifest.xml:22:13-58
112            android:value="@integer/google_play_services_version" />
112-->[com.google.android.gms:play-services-basement:18.0.0] AndroidManifest.xml:23:13-66
113    </application>
114
115</manifest>